[    0.000000] Initializing cgroup subsys cpuset
[    0.000000] Initializing cgroup subsys cpu
[    0.000000] Initializing cgroup subsys cpuacct
[    0.000000] Linux version 4.4.0-203-generic (buildd@lcy01-amd64-027) (gcc version 5.4.0 20160609 (Ubuntu 5.4.0-6ubuntu1~16.04.12) ) #235-Ubuntu SMP Tue Feb 2 02:49:08 UTC 2021 (Ubuntu 4.4.0-203.235-generic 4.4.249)
[    0.000000] Command line: BOOT_IMAGE=/boot/vmlinuz-4.4.0-203-generic root=LABEL=cloudimg-rootfs ro console=tty1 console=ttyS0
[    0.000000] KERNEL supported cpus:
[    0.000000]   Intel GenuineIntel
[    0.000000]   AMD AuthenticAMD
[    0.000000]   Centaur CentaurHauls
[    0.000000] x86/fpu: xstate_offset[2]:  576, xstate_sizes[2]:  256
[    0.000000] x86/fpu: Supporting XSAVE feature 0x01: 'x87 floating point registers'
[    0.000000] x86/fpu: Supporting XSAVE feature 0x02: 'SSE registers'
[    0.000000] x86/fpu: Supporting XSAVE feature 0x04: 'AVX registers'
[    0.000000] x86/fpu: Enabled xstate features 0x7, context size is 832 bytes, using 'standard' format.
[    0.000000] e820: BIOS-provided physical RAM map:
[    0.000000] BIOS-e820: [mem 0x0000000000000000-0x000000000009fbff] usable
[    0.000000] BIOS-e820: [mem 0x000000000009fc00-0x000000000009ffff] reserved
[    0.000000] BIOS-e820: [mem 0x00000000000f0000-0x00000000000fffff] reserved
[    0.000000] BIOS-e820: [mem 0x0000000000100000-0x000000003ffeffff] usable
[    0.000000] BIOS-e820: [mem 0x000000003fff0000-0x000000003fffffff] ACPI data
[    0.000000] BIOS-e820: [mem 0x00000000fec00000-0x00000000fec00fff] reserved
[    0.000000] BIOS-e820: [mem 0x00000000fee00000-0x00000000fee00fff] reserved
[    0.000000] BIOS-e820: [mem 0x00000000fffc0000-0x00000000ffffffff] reserved
[    0.000000] NX (Execute Disable) protection: active
[    0.000000] SMBIOS 2.5 present.
[    0.000000] Hypervisor detected: KVM
[    0.000000] e820: last_pfn = 0x3fff0 max_arch_pfn = 0x400000000
[    0.000000] MTRR: Disabled
[    0.000000] x86/PAT: MTRRs disabled, skipping PAT initialization too.
[    0.000000] CPU MTRRs all blank - virtualized system.
[    0.000000] x86/PAT: Configuration [0-7]: WB  WT  UC- UC  WB  WT  UC- UC  
[    0.000000] found SMP MP-table at [mem 0x0009fff0-0x0009ffff] mapped at [ffff88000009fff0]
[    0.000000] Scanning 1 areas for low memory corruption
[    0.000000] RAMDISK: [mem 0x362dc000-0x37165fff]
[    0.000000] ACPI: Early table checksum verification disabled
[    0.000000] ACPI: RSDP 0x00000000000E0000 000024 (v02 VBOX  )
[    0.000000] ACPI: XSDT 0x000000003FFF0030 00003C (v01 VBOX   VBOXXSDT 00000001 ASL  00000061)
[    0.000000] ACPI: FACP 0x000000003FFF00F0 0000F4 (v04 VBOX   VBOXFACP 00000001 ASL  00000061)
[    0.000000] ACPI: DSDT 0x000000003FFF0470 002325 (v02 VBOX   VBOXBIOS 00000002 INTL 20100528)
[    0.000000] ACPI: FACS 0x000000003FFF0200 000040
[    0.000000] ACPI: FACS 0x000000003FFF0200 000040
[    0.000000] ACPI: APIC 0x000000003FFF0240 00005C (v02 VBOX   VBOXAPIC 00000001 ASL  00000061)
[    0.000000] ACPI: SSDT 0x000000003FFF02A0 0001CC (v01 VBOX   VBOXCPUT 00000002 INTL 20100528)
[    0.000000] No NUMA configuration found
[    0.000000] Faking a node at [mem 0x0000000000000000-0x000000003ffeffff]
[    0.000000] NODE_DATA(0) allocated [mem 0x3ffeb000-0x3ffeffff]
[    0.000000] kvm-clock: Using msrs 4b564d01 and 4b564d00
[    0.000000] kvm-clock: cpu 0, msr 0:3ffe3001, primary cpu clock
[    0.000000] kvm-clock: using sched offset of 4835085973 cycles
[    0.000000] clocksource: kvm-clock: mask: 0xffffffffffffffff max_cycles: 0x1cd42e4dffb, max_idle_ns: 881590591483 ns
[    0.000000] Zone ranges:
[    0.000000]   DMA      [mem 0x0000000000001000-0x0000000000ffffff]
[    0.000000]   DMA32    [mem 0x0000000001000000-0x000000003ffeffff]
[    0.000000]   Normal   empty
[    0.000000]   Device   empty
[    0.000000] Movable zone start for each node
[    0.000000] Early memory node ranges
[    0.000000]   node   0: [mem 0x0000000000001000-0x000000000009efff]
[    0.000000]   node   0: [mem 0x0000000000100000-0x000000003ffeffff]
[    0.000000] Initmem setup node 0 [mem 0x0000000000001000-0x000000003ffeffff]
[    0.000000] ACPI: PM-Timer IO Port: 0x4008
[    0.000000] IOAPIC[0]: apic_id 2, version 32, address 0xfec00000, GSI 0-23
[    0.000000] ACPI: INT_SRC_OVR (bus 0 bus_irq 0 global_irq 2 dfl dfl)
[    0.000000] ACPI: INT_SRC_OVR (bus 0 bus_irq 9 global_irq 9 low level)
[    0.000000] Using ACPI (MADT) for SMP configuration information
[    0.000000] smpboot: Allowing 2 CPUs, 0 hotplug CPUs
[    0.000000] PM: Registered nosave memory: [mem 0x00000000-0x00000fff]
[    0.000000] PM: Registered nosave memory: [mem 0x0009f000-0x0009ffff]
[    0.000000] PM: Registered nosave memory: [mem 0x000a0000-0x000effff]
[    0.000000] PM: Registered nosave memory: [mem 0x000f0000-0x000fffff]
[    0.000000] e820: [mem 0x40000000-0xfebfffff] available for PCI devices
[    0.000000] Booting paravirtualized kernel on KVM
[    0.000000] clocksource: refined-jiffies: mask: 0xffffffff max_cycles: 0xffffffff, max_idle_ns: 7645519600211568 ns
[    0.000000] setup_percpu: NR_CPUS:512 nr_cpumask_bits:512 nr_cpu_ids:2 nr_node_ids:1
[    0.000000] PERCPU: Embedded 33 pages/cpu @ffff88003fc00000 s95640 r8192 d31336 u1048576
[    0.000000] Built 1 zonelists in Node order, mobility grouping on.  Total pages: 257912
[    0.000000] Policy zone: DMA32
[    0.000000] Kernel command line: BOOT_IMAGE=/boot/vmlinuz-4.4.0-203-generic root=LABEL=cloudimg-rootfs ro console=tty1 console=ttyS0
[    0.000000] PID hash table entries: 4096 (order: 3, 32768 bytes)
[    0.000000] Memory: 997652K/1048120K available (8641K kernel code, 1337K rwdata, 4044K rodata, 1496K init, 1296K bss, 50468K reserved, 0K cma-reserved)
[    0.000000] SLUB: HWalign=64, Order=0-3, MinObjects=0, CPUs=2, Nodes=1
[    0.000000] Kernel/User page tables isolation: enabled
[    0.000000] Hierarchical RCU implementation.
[    0.000000] 	Build-time adjustment of leaf fanout to 64.
[    0.000000] 	RCU restricting CPUs from NR_CPUS=512 to nr_cpu_ids=2.
[    0.000000] RCU: Adjusting geometry for rcu_fanout_leaf=64, nr_cpu_ids=2
[    0.000000] NR_IRQS:33024 nr_irqs:440 16
[    0.000000] Console: colour VGA+ 80x25
[    0.000000] console [tty1] enabled
[    0.000000] console [ttyS0] enabled
[    0.000000] tsc: Detected 2111.998 MHz processor
[    0.450409] Calibrating delay loop (skipped) preset value.. 4223.99 BogoMIPS (lpj=8447992)
[    0.453428] pid_max: default: 32768 minimum: 301
[    0.455236] ACPI: Core revision 20150930
[    0.459362] ACPI: 2 ACPI AML tables successfully acquired and loaded
[    0.461745] Security Framework initialized
[    0.463160] Yama: becoming mindful.
[    0.464499] AppArmor: AppArmor initialized
[    0.466194] Dentry cache hash table entries: 131072 (order: 8, 1048576 bytes)
[    0.470481] Inode-cache hash table entries: 65536 (order: 7, 524288 bytes)
[    0.473236] Mount-cache hash table entries: 2048 (order: 2, 16384 bytes)
[    0.475316] Mountpoint-cache hash table entries: 2048 (order: 2, 16384 bytes)
[    0.477931] Initializing cgroup subsys io
[    0.479693] Initializing cgroup subsys memory
[    0.481918] Initializing cgroup subsys devices
[    0.483560] Initializing cgroup subsys freezer
[    0.485779] Initializing cgroup subsys net_cls
[    0.487757] Initializing cgroup subsys perf_event
[    0.489935] Initializing cgroup subsys net_prio
[    0.491963] Initializing cgroup subsys hugetlb
[    0.494075] Initializing cgroup subsys pids
[    0.499302] mce: CPU supports 0 MCE banks
[    0.501776] Last level iTLB entries: 4KB 64, 2MB 8, 4MB 8
[    0.504908] Last level dTLB entries: 4KB 64, 2MB 0, 4MB 0, 1GB 4
[    0.508304] Spectre V1 : Mitigation: usercopy/swapgs barriers and __user pointer sanitization
[    0.513550] Spectre V2 : Mitigation: Full generic retpoline
[    0.516718] Spectre V2 : Spectre v2 / SpectreRSB mitigation: Filling RSB on context switch
[    0.521838] Speculative Store Bypass: Vulnerable
[    0.524651] SRBDS: Unknown: Dependent on hypervisor status
[    0.528825] MDS: Mitigation: Clear CPU buffers
[    0.539288] Freeing SMP alternatives memory: 36K
[    0.559378] ftrace: allocating 32366 entries in 127 pages
[    0.727789] smpboot: APIC(0) Converting physical 0 to logical package 0
[    0.731585] smpboot: Max logical packages: 1
[    0.735132] x2apic enabled
[    0.738191] Switched APIC routing to physical x2apic.
[    0.744783] ..TIMER: vector=0x30 apic1=0 pin1=2 apic2=-1 pin2=-1
[    0.856673] smpboot: CPU0: Intel(R) Core(TM) i7-8650U CPU @ 1.90GHz (family: 0x6, model: 0x8e, stepping: 0xa)
[    0.861656] Performance Events: unsupported p6 CPU model 142 no PMU driver, software events only.
[    0.889131] KVM setup paravirtual spinlock
[    0.893557] x86: Booting SMP configuration:
[    0.896987] .... node  #0, CPUs:      #1
[    0.899648] kvm-clock: cpu 1, msr 0:3ffe3041, secondary cpu clock
[    0.905682] mce: CPU supports 0 MCE banks
[    0.909882] x86: Booted up 1 node, 2 CPUs
[    0.913280] smpboot: Total of 2 processors activated (8447.99 BogoMIPS)
[    0.918289] devtmpfs: initialized
[    0.925167] evm: security.selinux
[    0.927383] evm: security.SMACK64
[    0.929782] evm: security.SMACK64EXEC
[    0.932273] evm: security.SMACK64TRANSMUTE
[    0.935075] evm: security.SMACK64MMAP
[    0.937618] evm: security.ima
[    0.939908] evm: security.capability
[    0.942841] clocksource: jiffies: mask: 0xffffffff max_cycles: 0xffffffff, max_idle_ns: 7645041785100000 ns
[    0.948946] futex hash table entries: 512 (order: 3, 32768 bytes)
[    0.952827] pinctrl core: initialized pinctrl subsystem
[    0.956813] RTC time: 10:13:38, date: 03/05/21
[    0.960091] NET: Registered protocol family 16
[    0.973493] cpuidle: using governor ladder
[    0.986168] cpuidle: using governor menu
[    0.990636] PCCT header not found.
[    0.995222] ACPI: bus type PCI registered
[    0.999834] acpiphp: ACPI Hot Plug PCI Controller Driver version: 0.5
[    1.007627] PCI: Using configuration type 1 for base access
[    1.032104] ACPI: Added _OSI(Module Device)
[    1.036931] ACPI: Added _OSI(Processor Device)
[    1.041809] ACPI: Added _OSI(3.0 _SCP Extensions)
[    1.047519] ACPI: Added _OSI(Processor Aggregator Device)
[    1.057764] ACPI: Executed 1 blocks of module-level executable AML code
[    1.075949] ACPI: Interpreter enabled
[    1.080288] ACPI: (supports S0 S5)
[    1.084787] ACPI: Using IOAPIC for interrupt routing
[    1.091878] PCI: Using host bridge windows from ACPI; if necessary, use "pci=nocrs" and report a bug
[    1.122119] ACPI: PCI Root Bridge [PCI0] (domain 0000 [bus 00-ff])
[    1.129309] acpi PNP0A03:00: _OSC: OS supports [ASPM ClockPM Segments MSI]
[    1.140737] acpi PNP0A03:00: _OSC: not requesting OS control; OS requires [ExtendedConfig ASPM ClockPM MSI]
[    1.155858] acpi PNP0A03:00: fail to add MMCONFIG information, can't access extended PCI configuration space under this bridge.
[    1.172035] PCI host bridge to bus 0000:00
[    1.177979] pci_bus 0000:00: root bus resource [io  0x0000-0x0cf7 window]
[    1.185518] pci_bus 0000:00: root bus resource [io  0x0d00-0xffff window]
[    1.192854] pci_bus 0000:00: root bus resource [mem 0x000a0000-0x000bffff window]
[    1.201890] pci_bus 0000:00: root bus resource [mem 0x40000000-0xfdffffff window]
[    1.211452] pci_bus 0000:00: root bus resource [bus 00-ff]
[    1.226616] pci 0000:00:01.1: legacy IDE quirk: reg 0x10: [io  0x01f0-0x01f7]
[    1.233785] pci 0000:00:01.1: legacy IDE quirk: reg 0x14: [io  0x03f6]
[    1.241480] pci 0000:00:01.1: legacy IDE quirk: reg 0x18: [io  0x0170-0x0177]
[    1.304347] pci 0000:00:01.1: legacy IDE quirk: reg 0x1c: [io  0x0376]
[    1.360642] pci 0000:00:07.0: quirk: [io  0x4000-0x403f] claimed by PIIX4 ACPI
[    1.368207] pci 0000:00:07.0: quirk: [io  0x4100-0x410f] claimed by PIIX4 SMB
[    1.383083] ACPI: PCI Interrupt Link [LNKA] (IRQs 5 9 10 *11)
[    1.387050] ACPI: PCI Interrupt Link [LNKB] (IRQs 5 9 *10 11)
[    1.390565] ACPI: PCI Interrupt Link [LNKC] (IRQs 5 *9 10 11)
[    1.393843] ACPI: PCI Interrupt Link [LNKD] (IRQs 5 9 10 *11)
[    1.397263] ACPI: Enabled 2 GPEs in block 00 to 07
[    1.399729] vgaarb: setting as boot device: PCI:0000:00:02.0
[    1.401639] vgaarb: device added: PCI:0000:00:02.0,decodes=io+mem,owns=io+mem,locks=none
[    1.404878] vgaarb: loaded
[    1.406096] vgaarb: bridge control possible 0000:00:02.0
[    1.408389] SCSI subsystem initialized
[    1.410065] ACPI: bus type USB registered
[    1.411755] usbcore: registered new interface driver usbfs
[    1.413850] usbcore: registered new interface driver hub
[    1.415874] usbcore: registered new device driver usb
[    1.418424] PCI: Using ACPI for IRQ routing
[    1.427551] NetLabel: Initializing
[    1.430238] NetLabel:  domain hash size = 128
[    1.433288] NetLabel:  protocols = UNLABELED CIPSOv4
[    1.436428] NetLabel:  unlabeled traffic allowed by default
[    1.440904] amd_nb: Cannot enumerate AMD northbridges
[    1.444282] clocksource: Switched to clocksource kvm-clock
[    1.475297] AppArmor: AppArmor Filesystem Enabled
[    1.478502] pnp: PnP ACPI init
[    1.483202] pnp: PnP ACPI: found 3 devices
[    1.510941] clocksource: acpi_pm: mask: 0xffffff max_cycles: 0xffffff, max_idle_ns: 2085701024 ns
[    1.516787] NET: Registered protocol family 2
[    1.521097] TCP established hash table entries: 8192 (order: 4, 65536 bytes)
[    1.525734] TCP bind hash table entries: 8192 (order: 5, 131072 bytes)
[    1.529576] TCP: Hash tables configured (established 8192 bind 8192)
[    1.533539] UDP hash table entries: 512 (order: 2, 16384 bytes)
[    1.537086] UDP-Lite hash table entries: 512 (order: 2, 16384 bytes)
[    1.541719] NET: Registered protocol family 1
[    1.545572] pci 0000:00:00.0: Limiting direct PCI/PCI transfers
[    1.549575] pci 0000:00:01.0: Activating ISA DMA hang workarounds
[    1.553716] Unpacking initramfs...
[    2.116576] Freeing initrd memory: 14888K
[    2.119978] clocksource: tsc: mask: 0xffffffffffffffff max_cycles: 0x1e71768ef8b, max_idle_ns: 440795218977 ns
[    2.126260] platform rtc_cmos: registered platform RTC device (no PNP device found)
[    2.131967] Scanning for low memory corruption every 60 seconds
[    2.136407] audit: initializing netlink subsys (disabled)
[    2.140279] audit: type=2000 audit(1614939225.437:1): initialized
[    2.144153] Initialise system trusted keyring
[    2.146671] HugeTLB registered 2 MB page size, pre-allocated 0 pages
[    2.152487] zbud: loaded
[    2.155356] VFS: Disk quotas dquot_6.6.0
[    2.158270] VFS: Dquot-cache hash table entries: 512 (order 0, 4096 bytes)
[    2.164138] squashfs: version 4.0 (2009/01/31) Phillip Lougher
[    2.168349] fuse init (API version 7.23)
[    2.171096] Key type big_key registered
[    2.173961] Allocating IMA MOK and blacklist keyrings.
[    2.181421] Key type asymmetric registered
[    2.183868] Asymmetric key parser 'x509' registered
[    2.186928] Block layer SCSI generic (bsg) driver version 0.4 loaded (major 249)
[    2.192213] io scheduler noop registered
[    2.194988] io scheduler deadline registered (default)
[    2.197989] io scheduler cfq registered
[    2.200957] pci_hotplug: PCI Hot Plug PCI Core version: 0.5
[    2.204747] pciehp: PCI Express Hot Plug Controller Driver version: 0.4
[    2.209659] ACPI: AC Adapter [AC] (off-line)
[    2.212528] input: Power Button as /devices/LNXSYSTM:00/LNXPWRBN:00/input/input0
[    2.217043] ACPI: Power Button [PWRF]
[    2.219444] input: Sleep Button as /devices/LNXSYSTM:00/LNXSLPBN:00/input/input1
[    2.224582] ACPI: Sleep Button [SLPF]
[    2.228445] GHES: HEST is not enabled!
[    2.229572] ACPI: Battery Slot [BAT0] (battery present)
[    2.234880] Serial: 8250/16550 driver, 32 ports, IRQ sharing enabled
[    2.260342] 00:02: ttyS0 at I/O 0x3f8 (irq = 4, base_baud = 115200) is a 16550A
[    2.274209] Linux agpgart interface v0.103
[    2.282267] loop: module loaded
[    2.286123] scsi host0: ata_piix
[    2.289051] scsi host1: ata_piix
[    2.291504] ata1: PATA max UDMA/33 cmd 0x1f0 ctl 0x3f6 bmdma 0xd000 irq 14
[    2.295489] ata2: PATA max UDMA/33 cmd 0x170 ctl 0x376 bmdma 0xd008 irq 15
[    2.301564] libphy: Fixed MDIO Bus: probed
[    2.304111] tun: Universal TUN/TAP device driver, 1.6
[    2.307214] tun: (C) 1999-2004 Max Krasnyansky <maxk@qualcomm.com>
[    2.311058] PPP generic driver version 2.4.2
[    2.314078] ehci_hcd: USB 2.0 'Enhanced' Host Controller (EHCI) Driver
[    2.317973] ehci-pci: EHCI PCI platform driver
[    2.320887] ehci-platform: EHCI generic platform driver
[    2.324084] ohci_hcd: USB 1.1 'Open' Host Controller (OHCI) Driver
[    2.327157] ohci-pci: OHCI PCI platform driver
[    2.329588] ohci-platform: OHCI generic platform driver
[    2.331995] uhci_hcd: USB Universal Host Controller Interface driver
[    2.334717] i8042: PNP: PS/2 Controller [PNP0303:PS2K,PNP0f03:PS2M] at 0x60,0x64 irq 1,12
[    2.339062] serio: i8042 KBD port at 0x60,0x64 irq 1
[    2.341210] serio: i8042 AUX port at 0x60,0x64 irq 12
[    2.343682] mousedev: PS/2 mouse device common for all mice
[    2.348260] input: AT Translated Set 2 keyboard as /devices/platform/i8042/serio0/input/input2
[    2.352832] rtc_cmos rtc_cmos: rtc core: registered rtc_cmos as rtc0
[    2.352961] rtc_cmos rtc_cmos: alarms up to one day, 114 bytes nvram
[    2.352973] i2c /dev entries driver
[    2.353044] device-mapper: uevent: version 1.0.3
[    2.353118] device-mapper: ioctl: 4.34.0-ioctl (2015-10-28) initialised: dm-devel@redhat.com
[    2.353177] ledtrig-cpu: registered to indicate activity on CPUs
[    2.353611] NET: Registered protocol family 10
[    2.353976] NET: Registered protocol family 17
[    2.353996] Key type dns_resolver registered
[    2.354586] registered taskstats version 1
[    2.354606] Loading compiled-in X.509 certificates
[    2.355606] Loaded X.509 cert 'Build time autogenerated kernel key: c0f1dd89d7e09a1955be4fde7c6f946674683c10'
[    2.355642] zswap: loaded using pool lzo/zbud
[    2.358795] Key type trusted registered
[    2.363842] Key type encrypted registered
[    2.363852] AppArmor: AppArmor sha1 policy hashing enabled
[    2.363858] ima: No TPM chip found, activating TPM-bypass!
[    2.363876] ima: Allocated hash algorithm: sha1
[    2.363895] evm: HMAC attrs: 0x1
[    2.364341]   Magic number: 13:582:223
[    2.364558] rtc_cmos rtc_cmos: setting system clock to 2021-03-05 10:13:40 UTC (1614939220)
[    2.364699] BIOS EDD facility v0.16 2004-Jun-25, 0 devices found
[    2.364700] EDD information not available.
[    2.486790] Freeing unused kernel memory: 1496K
[    2.489925] Write protecting the kernel read-only data: 14336k
[    2.494550] Freeing unused kernel memory: 1588K
[    2.497849] Freeing unused kernel memory: 52K
Loading, please wait...
starting version 229
[    2.533678] random: systemd-udevd: uninitialized urandom read (16 bytes read, 5 bits of entropy available)
[    2.535779] random: udevadm: uninitialized urandom read (16 bytes read, 5 bits of entropy available)
[    2.535840] random: udevadm: uninitialized urandom read (16 bytes read, 5 bits of entropy available)
[    2.560202] random: systemd-udevd: uninitialized urandom read (16 bytes read, 5 bits of entropy available)
[    2.564832] random: udevadm: uninitialized urandom read (16 bytes read, 5 bits of entropy available)
[    2.564972] random: udevadm: uninitialized urandom read (16 bytes read, 5 bits of entropy available)
[    2.565538] random: udevadm: uninitialized urandom read (16 bytes read, 5 bits of entropy available)
[    2.565715] random: udevadm: uninitialized urandom read (16 bytes read, 5 bits of entropy available)
[    2.565870] random: udevadm: uninitialized urandom read (16 bytes read, 5 bits of entropy available)
[    2.565979] random: udevadm: uninitialized urandom read (16 bytes read, 5 bits of entropy available)
[    2.693461] Fusion MPT base driver 3.04.20
[    2.696532] Copyright (c) 1999-2008 LSI Corporation
[    2.700228] e1000: Intel(R) PRO/1000 Network Driver - version 7.3.21-k8-NAPI
[    2.703990] e1000: Copyright (c) 1999-2006 Intel Corporation.
[    2.742459] Fusion MPT SPI Host driver 3.04.20
[    2.812005] AVX2 version of gcm_enc/dec engaged.
[    2.814328] AES CTR mode by8 optimization enabled
[    2.933853] input: ImExPS/2 Generic Explorer Mouse as /devices/platform/i8042/serio1/input/input4
[    3.400783] e1000 0000:00:03.0 eth0: (PCI:33MHz:32-bit) 02:49:cb:75:7f:af
[    3.409035] e1000 0000:00:03.0 eth0: Intel(R) PRO/1000 Network Connection
[    3.420538] mptbase: ioc0: Initiating bringup
[    3.421632] e1000 0000:00:03.0 enp0s3: renamed from eth0
[    4.156344] ioc0: LSI53C1030 A0: Capabilities={Initiator}
[    6.057789] scsi host2: ioc0: LSI53C1030 A0, FwRev=00000000h, Ports=1, MaxQ=256, IRQ=20
[    6.254956] scsi 2:0:0:0: Direct-Access     VBOX     HARDDISK         1.0  PQ: 0 ANSI: 5
[    6.265157] scsi target2:0:0: Beginning Domain Validation
[    6.280550] scsi target2:0:0: Domain Validation skipping write tests
[    6.287418] scsi target2:0:0: Ending Domain Validation
[    6.293861] scsi target2:0:0: asynchronous
[    6.302009] scsi 2:0:1:0: Direct-Access     VBOX     HARDDISK         1.0  PQ: 0 ANSI: 5
[    6.311501] scsi target2:0:1: Beginning Domain Validation
[    6.326184] scsi target2:0:1: Domain Validation skipping write tests
[    6.332144] scsi target2:0:1: Ending Domain Validation
[    6.375894] scsi target2:0:1: asynchronous
[    6.399649] sd 2:0:0:0: Attached scsi generic sg0 type 0
[    6.402905] sd 2:0:0:0: [sda] 83886080 512-byte logical blocks: (42.9 GB/40.0 GiB)
[    6.408985] sd 2:0:1:0: Attached scsi generic sg1 type 0
[    6.412270] sd 2:0:1:0: [sdb] 20480 512-byte logical blocks: (10.5 MB/10.0 MiB)
[    6.412516] sd 2:0:0:0: [sda] Write Protect is off
[    6.420484] sd 2:0:0:0: [sda] Incomplete mode parameter data
[    6.420974] sd 2:0:1:0: [sdb] Write Protect is off
[    6.421467] sd 2:0:1:0: [sdb] Incomplete mode parameter data
[    6.421471] sd 2:0:1:0: [sdb] Assuming drive cache: write through
[    6.429788] sd 2:0:1:0: [sdb] Attached SCSI disk
[    6.439725] sd 2:0:0:0: [sda] Assuming drive cache: write through
[    6.448785]  sda: sda1
[    6.453448] sd 2:0:0:0: [sda] Attached SCSI disk
Begin: Loading essential drivers ... [    8.676455] md: linear personality registered for level -1
[    8.686196] md: multipath personality registered for level -4
[    8.697526] md: raid0 personality registered for level 0
[    8.711578] md: raid1 personality registered for level 1
[    8.788400] raid6: sse2x1   gen()  3875 MB/s
[    8.856354] raid6: sse2x1   xor()  3395 MB/s
[    8.924347] raid6: sse2x2   gen()  5478 MB/s
[    8.992659] raid6: sse2x2   xor()  3737 MB/s
[    9.060510] raid6: sse2x4   gen()  5288 MB/s
[    9.128500] raid6: sse2x4   xor()  5328 MB/s
[    9.196397] raid6: avx2x1   gen()  9774 MB/s
[    9.264377] raid6: avx2x2   gen() 10314 MB/s
[    9.332539] raid6: avx2x4   gen() 11306 MB/s
[    9.335189] raid6: using algorithm avx2x4 gen() 11306 MB/s
[    9.338801] raid6: using avx2x2 recovery algorithm
[    9.345569] xor: automatically using best checksumming function:
[    9.388487]    avx       : 10591.000 MB/sec
[    9.394116] async_tx: api initialized (async)
[    9.426984] md: raid6 personality registered for level 6
[    9.430477] md: raid5 personality registered for level 5
[    9.435149] md: raid4 personality registered for level 4
[    9.455222] md: raid10 personality registered for level 10
done.
Begin: Running /scripts/init-premount ... done.
Begin: Mounting root file system ... Begin: Running /scripts/local-top ... done.
Begin: Running /scripts/local-premount ... [    9.532624] Btrfs loaded
Scanning for Btrfs filesystems
done.
Warning: fsck not present, so skipping root file system
[    9.608084] EXT4-fs (sda1): mounted filesystem with ordered data mode. Opts: (null)
done.
Begin: Running /scripts/local-bottom ... done.
Begin: Running /scripts/init-bottom ... done.
[    9.935703] systemd[1]: systemd 229 running in system mode. (+PAM +AUDIT +SELINUX +IMA +APPARMOR +SMACK +SYSVINIT +UTMP +LIBCRYPTSETUP +GCRYPT +GNUTLS +ACL +XZ -LZ4 +SECCOMP +BLKID +ELFUTILS +KMOD -IDN)
[    9.960870] systemd[1]: Detected virtualization oracle.
[    9.970449] systemd[1]: Detected architecture x86-64.

Welcome to [1mUbuntu 16.04.7 LTS[0m!

[    9.985583] systemd[1]: Set hostname to <ubuntu>.
[    9.997431] systemd[1]: Initializing machine ID from random generator.
[   10.003381] systemd[1]: Installed transient /etc/machine-id file.
[   10.305925] systemd[1]: Listening on udev Control Socket.
[[0;32m  OK  [0m] Listening on udev Control Socket.
[   10.309832] systemd[1]: Listening on LVM2 poll daemon socket.
[[0;32m  OK  [0m] Listening on LVM2 poll daemon socket.
[   10.345938] systemd[1]: Reached target Encrypted Volumes.
[[0;32m  OK  [0m] Reached target Encrypted Volumes.
[   10.351169] systemd[1]: Listening on udev Kernel Socket.
[[0;32m  OK  [0m] Listening on udev Kernel Socket.
[   10.355506] systemd[1]: Reached target System Time Synchronized.
[[0;32m  OK  [0m] Reached target System Time Synchronized.
[   10.359631] systemd[1]: Listening on Device-mapper event daemon FIFOs.
[[0;32m  OK  [0m] Listening on Device-mapper event daemon FIFOs.
[   10.363760] systemd[1]: Set up automount Arbitrary Executable File Formats File System Automount Point.
[[0;32m  OK  [0m] Set up automount Arbitrary Executab...ats File System Automount Point.
[   10.369606] systemd[1]: Listening on Journal Audit Socket.
[[0;32m  OK  [0m] Listening on Journal Audit Socket.
[   10.373574] systemd[1]: Reached target Swap.
[[0;32m  OK  [0m] Reached target Swap.
[   10.377008] systemd[1]: Started Forward Password Requests to Wall Directory Watch.
[[0;32m  OK  [0m] Started Forward Password Requests to Wall Directory Watch.
[   10.382874] systemd[1]: Listening on Journal Socket (/dev/log).
[[0;32m  OK  [0m] Listening on Journal Socket (/dev/log).
[   10.514489] systemd[1]: Created slice User and Session Slice.
[[0;32m  OK  [0m] Created slice User and Session Slice.
[   10.524044] systemd[1]: Listening on LVM2 metadata daemon socket.
[[0;32m  OK  [0m] Listening on LVM2 metadata daemon socket.
[   10.533951] systemd[1]: Listening on /dev/initctl Compatibility Named Pipe.
[[0;32m  OK  [0m] Listening on /dev/initctl Compatibility Named Pipe.
[   10.545867] systemd[1]: Listening on Syslog Socket.
[[0;32m  OK  [0m] Listening on Syslog Socket.
[   10.558332] systemd[1]: Created slice System Slice.
[[0;32m  OK  [0m] Created slice System Slice.
[   10.568177] systemd[1]: Reached target Slices.
[[0;32m  OK  [0m] Reached target Slices.
[   10.576405] systemd[1]: Created slice system-serial\x2dgetty.slice.
[[0;32m  OK  [0m] Created slice system-serial\x2dgetty.slice.
[   10.587455] systemd[1]: Listening on Journal Socket.
[[0;32m  OK  [0m] Listening on Journal Socket.
[   10.613187] systemd[1]: Starting Monitoring of LVM2 mirrors, snapshots etc. using dmeventd or progress polling...
         Starting Monitoring of LVM2 mirrors... dmeventd or progress polling...
[   10.635185] systemd[1]: Starting Load Kernel Modules...
[   10.649105] random: nonblocking pool is initialized
         Starting Load Kernel Modules...
[   10.664817] systemd[1]: Starting Uncomplicated firewall...
         Starting Uncomplicated firewall...
[   10.680944] systemd[1]: Mounting POSIX Message Queue File System...
         Mounting POSIX Message Queue File System...
[   10.697718] systemd[1]: Starting Create list of required static device nodes for the current kernel...
[   10.699737] Loading iSCSI transport class v2.0-870.
         Starting Create list of required st... nodes for the current kernel...
[   10.714533] systemd[1]: Starting Remount Root and Kernel File Systems...
         Starting Remount Root and Kernel File Systems...
[   10.720301] systemd[1]: Starting Set console keymap...
         [   10.723236] EXT4-fs (sda1): re-mounted. Opts: (null)
Starting Set console keymap...
[   10.728885] iscsi: registered transport (tcp)
[   10.733852] systemd[1]: Mounting Debug File System...
         Mounting Debug File System...
[   10.739441] systemd[1]: Mounting Huge Pages File System...
         Mounting Huge Pages File System...
[   10.750037] systemd[1]: Starting Nameserver information manager...
         Starting Nameserver information manager...
[   10.756918] systemd[1]: Started Trigger resolvconf update for networkd DNS.
[[0;32m  OK  [0m] Started Trigger resolvconf update for networkd DNS.
[   10.768809] systemd[1]: Reached target User and Group Name Lookups.
[[0;32m  OK  [0m] Reached target User and Group Name Lookups.
[   10.792842] systemd[1]: Starting Journal Service...
         Starting Journal Service...
[   10.799885] iscsi: registered transport (iser)
[   10.804365] systemd[1]: Mounted Huge Pages File System.
[[0;32m  OK  [0m] Mounted Huge Pages File System.
[   10.807466] systemd[1]: Mounted Debug File System.
[[0;32m  OK  [0m] Mounted Debug File System.
[   10.810566] systemd[1]: Mounted POSIX Message Queue File System.
[[0;32m  OK  [0m] Mounted POSIX Message Queue File System.
[   10.814297] systemd[1]: Started Load Kernel Modules.
[[0;32m  OK  [0m] Started Load Kernel Modules.
[   10.818885] systemd[1]: Started Uncomplicated firewall.
[[0;32m  OK  [0m] Started Uncomplicated firewall.
[   10.822643] systemd[1]: Started Create list of required static device nodes for the current kernel.
[[0;32m  OK  [0m] Started Create list of required sta...ce nodes for the current kernel.
[   10.828004] systemd[1]: Started Remount Root and Kernel File Systems.
[[0;32m  OK  [0m] Started Remount Root and Kernel File Systems.
[   10.842967] systemd[1]: Started Journal Service.
[[0;32m  OK  [0m] Started Journal Service.
[[0;32m  OK  [0m] Started LVM2 metadata daemon.
         Starting Flush Journal to Persistent Storage...
         Starting udev Coldplug all Devices...
         Starting Load/Save Random Seed...
         Starting Create Static Device Nodes in /dev...
         Mounting FUSE Control File System...
         Starting Apply Kernel Variables...
[[0;32m  OK  [0m] Mounted FUSE Control File System.
[[0;32m  OK  [0m] Started Nameserver information manager.
[[0;32m  OK  [0m] Started Load/Save Random Seed.
[[0;32m  OK  [0m] Started Apply Kernel Variables.
[[0;32m  OK  [0m] Started Flush Journal to Persistent Storage.
[[0;32m  OK  [0m] Started Create Static Device Nodes in /dev.
         Starting udev Kernel Device Manager...
[[0;32m  OK  [0m] Started Set console keymap.
[[0;32m  OK  [0m] Started Monitoring of LVM2 mirrors,...ng dmeventd or progress polling.
[[0;32m  OK  [0m] Reached target Local File Systems (Pre).
[[0;32m  OK  [0m] Reached target Local File Systems.
         Starting LSB: AppArmor initialization...
         Starting Set console font and keymap...
         Starting Initial cloud-init job (pre-networking)...
         Starting Create Volatile Files and Directories...
         Starting Tell Plymouth To Write Out Runtime Data...
         Starting Commit a transient machine-id on disk...
[[0;32m  OK  [0m] Started udev Kernel Device Manager.
[[0;32m  OK  [0m] Started udev Coldplug all Devices.
[[0;32m  OK  [0m] Started Create Volatile Files and Directories.
[[0;32m  OK  [0m] Started Tell Plymouth To Write Out Runtime Data.
         Starting Update UTMP about System Boot/Shutdown...
[[0;32m  OK  [0m] Started Dispatch Password Requests to Console Directory Watch.
[[0;32m  OK  [0m] Started Commit a transient machine-id on disk.
[[0;32m  OK  [0m] Started Update UTMP about System Boot/Shutdown.
[[0;32m  OK  [0m] Found device /dev/ttyS0.
[[0;32m  OK  [0m] Listening on Load/Save RF Kill Switch Status /dev/rfkill Watch.
[[0;32m  OK  [0m] Started Set console font and keymap.
[   14.112758] cloud-init[463]: Cloud-init v. 20.4.1-0ubuntu1~16.04.1 running 'init-local' at Fri, 05 Mar 2021 10:13:51 +0000. Up 12.85 seconds.
[[0;32m  OK  [0m] Started Initial cloud-init job (pre-networking).
[[0;32m  OK  [0m] Reached target Network (Pre).
[[0;32m  OK  [0m] Created slice system-getty.slice.
[[0;32m  OK  [0m] Started LSB: AppArmor initialization.
         Starting Load AppArmor profiles managed internally by snapd...
         Starting Raise network interfaces...
[[0;32m  OK  [0m] Started Load AppArmor profiles managed internally by snapd.
[[0;32m  OK  [0m] Started Raise network interfaces.
[[0;32m  OK  [0m] Reached target Network.
         Starting Initial cloud-init job (metadata service crawler)...
[   19.645196] cloud-init[936]: Cloud-init v. 20.4.1-0ubuntu1~16.04.1 running 'init' at Fri, 05 Mar 2021 10:13:56 +0000. Up 18.07 seconds.
[   19.648543] cloud-init[936]: ci-info: ++++++++++++++++++++++++++++++++++++++Net device info++++++++++++++++++++++++++++++++++++++
[   19.653149] cloud-init[936]: ci-info: +--------+------+----------------------------+---------------+--------+-------------------+
[   19.657024] cloud-init[936]: ci-info: | Device |  Up  |          Address           |      Mask     | Scope  |     Hw-Address    |
[   19.660140] cloud-init[936]: ci-info: +--------+------+----------------------------+---------------+--------+-------------------+
[   19.663729] cloud-init[936]: ci-info: | enp0s3 | True |         10.0.2.15          | 255.255.255.0 | global | 02:49:cb:75:7f:af |
[   19.666324] cloud-init[936]: ci-info: | enp0s3 | True | fe80::49:cbff:fe75:7faf/64 |       .       |  link  | 02:49:cb:75:7f:af |
[   19.668784] cloud-init[936]: ci-info: |   lo   | True |         127.0.0.1          |   255.0.0.0   |  host  |         .         |
[   19.676891] cloud-init[936]: ci-info: |   lo   | True |          ::1/128           |       .       |  host  |         .         |
[   19.679037] cloud-init[936]: ci-info: +--------+------+----------------------------+---------------+--------+-------------------+
[   19.681078] cloud-init[936]: ci-info: +++++++++++++++++++++++++++Route IPv4 info++++++++++++++++++++++++++++
[   19.683149] cloud-init[936]: ci-info: +-------+-------------+----------+---------------+-----------+-------+
[   19.688515] cloud-init[936]: ci-info: | Route | Destination | Gateway  |    Genmask    | Interface | Flags |
[   19.697284] cloud-init[936]: ci-info: +-------+-------------+----------+---------------+-----------+-------+
[   19.705202] cloud-init[936]: ci-info: |   0   |   0.0.0.0   | 10.0.2.2 |    0.0.0.0    |   enp0s3  |   UG  |
[   19.712985] cloud-init[936]: ci-info: |   1   |   10.0.2.0  | 0.0.0.0  | 255.255.255.0 |   enp0s3  |   U   |
[   19.720901] cloud-init[936]: ci-info: +-------+-------------+----------+---------------+-----------+-------+
[   19.728488] cloud-init[936]: ci-info: +++++++++++++++++++Route IPv6 info+++++++++++++++++++
[   19.740951] cloud-init[936]: ci-info: +-------+-------------+---------+-----------+-------+
[   19.742715] cloud-init[936]: ci-info: | Route | Destination | Gateway | Interface | Flags |
[   19.748980] cloud-init[936]: ci-info: +-------+-------------+---------+-----------+-------+
[   19.751896] cloud-init[936]: ci-info: |   0   |  fe80::/64  |    ::   |   enp0s3  |   U   |
[   19.761348] cloud-init[936]: ci-info: |   3   |   ff00::/8  |    ::   |   enp0s3  |   U   |
[   19.761782] cloud-init[936]: ci-info: +-------+-------------+---------+-----------+-------+
[[0;32m  OK  [0m] Started Initial cloud-init job (metadata service crawler).
[   19.762251] cloud-init[936]: Generating public/private rsa key pair.
[   19.763510] cloud-init[936]: Your identification has been saved in /etc/ssh/ssh_host_rsa_key.
[   19.766910] cloud-init[936]: Your public key has been saved in /etc/ssh/ssh_host_rsa_key.pub.
[   19.767353] cloud-init[936]: The key fingerprint is:
[[0;32m  OK  [0m] Reached target System Initialization.
[[0;32m  OK  [0m] Started Daily Cleanup of Temporary Directories.
[   19.767528] cloud-init[936]: SHA256:fuqGCVP3vwKeyNr9sDK5xQHslXCmJxOV0X86COLTsVc root@ubuntu-xenial
[[0;32m  OK  [0m] Started ACPI Events Check.
[[0;32m  OK  [0m] Reached target Paths.
[[0;32m  OK  [0m] Listening on UUID daemon activation socket.
[[0;32m  OK  [0m] Listening on ACPID Listen Socket.
[   19.790176]          Starting Socket activation for snappy daemon.
cloud-init         Starting LXD - unix socket.
[[0;32m  OK  [0m] Started Message of the Day.
[[0;32m  OK  [0m] Started Daily apt download activities.
[[0;32m  OK  [0m] Started Daily apt upgrade and clean activities.
[[0;32m  OK  [0m] Reached target Timers.
[[0;32m  OK  [0m] Listening on D-Bus System Message Bus Socket.
[[0;32m  OK  [0m] Reached target Network is Online.
[936]: The key's randomart image is:
[   19.820837] cloud-init[936]: +---[RSA 2048]----+
[   19.822479] cloud-init[936]: |      o.=+       |
[   19.828640] cloud-init[936]: |     . *...      |         Starting iSCSI initiator daemon (iscsid)...
[[0;32m  OK  [0m] Reached target Cloud-config availability.
[[0;32m  OK  [0m] Listening on Socket activation for snappy daemon.
[[0;32m  OK  [0m] Listening on LXD - unix socket.
[[0;32m  OK  [0m] Reached target Sockets.
[[0;32m  OK  [0m] Reached target Basic System.

[   19.839838] cloud-init[936]: |      * +  .     |         Starting Login Service...

[   19.843207] cloud-init[936]: |     .o*+   E .  |
[   19.846069] [[0;32m  OK  [0m] Started ACPI event daemon.
cloud-init[936]: |     o.+S= o o   |
[   19.851288] [[0;32m  OK  [0m] Started D-Bus System Message Bus.
cloud-init[936]: |    o oo+.+ o    |
[   19.858237] cloud-init[936]: |     + B=+.. .   |
[   19.861511] cloud-init[936]: |     .Oo+=. .    |
[   19.872779] cloud-init[936]: |    ..o*=.....   |
[   19.880854] cloud-init[936]: +----[SHA256]-----+
[   19.883258] cloud-init[936]: Generating public/private dsa key pair.
[   19.885900] cloud-init[936]: Your identification has been saved in /etc/ssh/ssh_host_dsa_key.
[   19.896541] cloud-init[936]: Your public key has been saved in /etc/ssh/ssh_host_dsa_key.pub.
[   19.899639] cloud-init[936]: The key fingerprint is:
[   19.908938] cloud-init[936]: SHA256:VTszGAgohbc5KX5Uo3njWnZ57ip39ctOJ5Oa/BwxQYs root@ubuntu-xenial
[   19.920647] cloud-init[936]: The key's randomart image is:
[   19.922483] cloud-init[936]: +---[DSA 1024]----+
[   19.924259] cloud-init[936]: |   o.... .. . .  |
[   19.926347] cloud-init[936]: |  o o o .  + + . |[[0;32m  OK  [0m] Started Deferred execution scheduler.

         Starting LSB: Record successful boot for GRUB...
[[0;32m  OK  [0m] Started FUSE filesystem for LXC.
[[0;32m  OK  [0m] Started Regular background program processing daemon.
         Starting System Logging Service...
[   19.929639]          Starting Virtualbox guest utils...
         Starting Pollinate to seed the pseudo random number generator...
         Starting Snap Daemon...
         Starting /etc/rc.local Compatibility...
         Starting LXD - container startup/shutdown...
         Starting LSB: MD monitoring daemon...
cloud-init[936]: |   o B .  o E o  |
[   19.968473] cloud-init[936]: |  . O o  .   + . |
[   19.968585] cloud-init[936]: | . o + .S.    o  |
[   19.968764] cloud-init[936]: |  . . + o . .  + |
[   19.968936] cloud-init[936]: |   . + . o . .* .|
[   19.969127] cloud-init[936]: |    . . . o. *.= |
[   19.969721] cloud-init[936]: |       o.+. +o*. |
[   19.970320] cloud-init[936]: +----[SHA256]-----+
[   19.970596] cloud-init[936]: Generating public/private ecdsa key pair.
[   19.971001] cloud-init[936]: Your identification has been saved in /etc/ssh/ssh_host_ecdsa_key.
[   19.971103] cloud-init[936]: Your public key has been saved in /etc/ssh/ssh_host_ecdsa_key.pub.
[   19.971258] cloud-init[936]: The key fingerprint is:
[   19.971491] cloud-init[936]: SHA256:ffX2ZaiVqykK0f/BSJCAtOW5rHq66go87iFplpK+2Jw root@ubuntu-xenial
[   19.971631] cloud-init[936]: The key's randomart image is:
[   19.971972] cloud-init[936]: +---[ECDSA 256]---+
         Starting Accounts Service...
[   19.986036] cloud-init[936]: |   ...o          |
[   19.990747] cloud-init[936]: |    .+ o .       |
[   19.993075] cloud-init[936]: |    . o o     .  |
[[0;32m  OK  [0m] Started /etc/rc.local Compatibility.
[   19.999240] cloud-init[936]: [[0;32m  OK  [0m] Started iSCSI initiator daemon (iscsid).
|     . o o   . + |
[[0;32m  OK  [0m] Started Login Service.
[[0;32m  OK  [0m] Started Unattended Upgrades Shutdown.
         Starting Login to default iSCSI targets...
[   20.017158] cloud-init[936]: |      + S o . + =|
[   20.065976] cloud-init[936]: |.o.  . . o + o +o|
[   20.105239] cloud-init[936]: |*B  . .   o + . .|
[[0;32m  OK  [0m] Started System Logging Service.
[   20.112941] [[0;32m  OK  [0m] Started LSB: MD monitoring daemon.
cloud-init[936]: |Xooo.  .  .. +   |[[0;32m  OK  [0m] Started Login to default iSCSI targets.
[[0;32m  OK  [0m] Reached target Remote File Systems (Pre).
[[0;32m  OK  [0m] Reached target Remote File Systems.

[   20.152520] cloud-init[936]: |BBE+    .. .+    |
[   20.154702] cloud-init[936]: +----[SHA256]-----+
[   20.161847]          Starting Permit User Sessions...
cloud-init[936]: Generating public/private ed25519 key pair.         Starting LSB: Set the CPU Frequency Scaling governor to "ondemand"...
         Starting LSB: daemon to balance interrupts for SMP systems...

         Starting LSB: automatic crash report generation...
[[0;32m  OK  [0m] Started Permit User Sessions.
         Starting Hold until boot process finishes up...
[   20.192201]          Starting Terminate Plymouth Boot Screen...
cloud-init[936]: [[0;32m  OK  [0m] Started Hold until boot process finishes up.
[[0;32m  OK  [0m] Started Serial Getty on ttyS0.
         Starting Set console scheme...
[[0;32m  OK  [0m] Started Getty on tty1.
[[0;32m  OK  [0m] Reached target Login Prompts.
[[0;32m  OK  [0m] Started Terminate Plymouth Boot Screen.
Your identification has been saved in /etc/ssh/ssh_host_ed25519_key.
[[0;32m  OK  [0m] Started Set console scheme.
[   20.264841] cloud-init[[0;32m  OK  [0m] Started LSB: Record successful boot for GRUB.
[936]: Your public key has been saved in /etc/ssh/ssh_host_ed25519_key.pub.
[   20.317007] cloud-init[936]: The key fingerprint is:
[   20.332711] cloud-init[936]: SHA256:98ofKpcDXoRjrTnz8Jtzpn1HVxcPrRXTPxtq3iWmIVU root@ubuntu-xenial
[   20.336175] cloud-init[936]: The key's randomart image is:
[   20.338605] cloud-init[936]: +--[ED25519 256]--+
[   20.342149] cloud-init[936]: |               +o|
[   20.345369] cloud-init[936]: |              E.=|
[   20.349124] cloud-init[936]: |         o   . ++|
         Starting Authenticate and Authorize Users to Run Privileged Tasks...
[[0;32m  OK  [0m] Started LSB: Set the CPU Frequency Scaling governor to "ondemand".
[[0;32m  OK  [0m] Started LSB: daemon to balance interrupts for SMP systems.
[[0;32m  OK  [0m] Started LSB: automatic crash report generation.
[   20.368495] cloud-init[936]: |        + o . .o=|
[   20.391423] cloud-init[936]: |       .S=..  . *|
[   20.394880] cloud-init[936]: |        B.o..oo.+|
[   20.407569] cloud-init[936]: |       . O o=+.oo|
[   20.420669] cloud-init[936]: |        o.B=+o...|
[   20.427359] cloud-init[936]: |         oBOo. . |
[   20.437349] cloud-init[936]: +----[SHA256]-----+
[[0;32m  OK  [0m] Started LXD - container startup/shutdown.
[[0;32m  OK  [0m] Started Authenticate and Authorize Users to Run Privileged Tasks.
[[0;32m  OK  [0m] Started Accounts Service.
[[0;32m  OK  [0m] Started Virtualbox guest utils.
[[0;32m  OK  [0m] Started Snap Daemon.
         Starting Wait until snapd is fully seeded...
[[0;32m  OK  [0m] Started Pollinate to seed the pseudo random number generator.
         Starting OpenBSD Secure Shell server...
[[0;32m  OK  [0m] Started OpenBSD Secure Shell server.
[[0;32m  OK  [0m] Created slice User Slice of vagrant.
         Starting User Manager for UID 1000...
[[0;32m  OK  [0m] Started Session 1 of user vagrant.
[[0;32m  OK  [0m] Started User Manager for UID 1000.
[[0;32m  OK  [0m] Started Wait until snapd is fully seeded.
         Starting Apply the settings specified in cloud-config...
[[0;32m  OK  [0m] Reached target Multi-User System.
[[0;32m  OK  [0m] Reached target Graphical Interface.
         Starting Update UTMP about System Runlevel Changes...
[[0;32m  OK  [0m] Started Update UTMP about System Runlevel Changes.
[   24.358751] cloud-init[1352]: Generating locales (this might take a while)...

Ubuntu 16.04.7 LTS ubuntu-xenial ttyS0

ubuntu-xenial login: [   27.134486] cloud-init[1352]:   en_US.UTF-8... done
[   27.135500] cloud-init[1352]: Generation complete.
[   27.776184] cloud-init[1352]: Cloud-init v. 20.4.1-0ubuntu1~16.04.1 running 'modules:config' at Fri, 05 Mar 2021 10:14:02 +0000. Up 23.80 seconds.
ci-info: no authorized SSH keys fingerprints found for user ubuntu.
<14>Mar  5 10:14:07 ec2: 
<14>Mar  5 10:14:07 ec2: #############################################################
<14>Mar  5 10:14:07 ec2: -----BEGIN SSH HOST KEY FINGERPRINTS-----
<14>Mar  5 10:14:07 ec2: 1024 SHA256:VTszGAgohbc5KX5Uo3njWnZ57ip39ctOJ5Oa/BwxQYs root@ubuntu-xenial (DSA)
<14>Mar  5 10:14:07 ec2: 256 SHA256:ffX2ZaiVqykK0f/BSJCAtOW5rHq66go87iFplpK+2Jw root@ubuntu-xenial (ECDSA)
<14>Mar  5 10:14:07 ec2: 256 SHA256:98ofKpcDXoRjrTnz8Jtzpn1HVxcPrRXTPxtq3iWmIVU root@ubuntu-xenial (ED25519)
<14>Mar  5 10:14:07 ec2: 2048 SHA256:fuqGCVP3vwKeyNr9sDK5xQHslXCmJxOV0X86COLTsVc root@ubuntu-xenial (RSA)
<14>Mar  5 10:14:07 ec2: -----END SSH HOST KEY FINGERPRINTS-----
<14>Mar  5 10:14:07 ec2: #############################################################
-----BEGIN SSH HOST KEY KEYS-----
ecdsa-sha2-nistp256 AAAAE2VjZHNhLXNoYTItbmlzdHAyNTYAAAAIbmlzdHAyNTYAAABBBP1COYRlWH5JZ8T8+zOpVpZPDAz5IpJER+Kny05UE8Cx9R/ZMU4rI3Hl31KVZMxvdH9l9oJO3cx5zc5FEwN0jhE= root@ubuntu-xenial
ssh-ed25519 AAAAC3NzaC1lZDI1NTE5AAAAIOcNQ07pxGJZB4+eSPLaUKcItgeTYnyKu1S1GRlGzoSQ root@ubuntu-xenial
ssh-rsa AAAAB3NzaC1yc2EAAAADAQABAAABAQCz8U0kAHS8S4E0kbYvSXlbt0kRanEGBMtmsqY3Cy93WI8WfYvbdSujz2S4slWoAAF9a2uq+nMQiksUi6kk1J51Bym6tkI4rKhKZWv/Ph8P5KkyDQWSqQY8cWBLtM+8+pHSvbO0Na1TXUSO2acAB1MZJlgGjobZycyP4ExFyrWvUB5R4AJ6SA+23RaGkOQ64A69LvOV3G/P8v8Yv8ILwKiKLWJ1bqLK3TnEFJvxbkW8R3cqXuwNn8263r9hT2CgyBGb7UcRdoAC4UWHsl4HGdttzBaHre58ffRhcdjy0PyiMnJGXTrV7qornWJ+vVkZ/srH8vfGvZ/iY1s1+jQB7YVl root@ubuntu-xenial
-----END SSH HOST KEY KEYS-----
[   29.011289] cloud-init[1539]: Cloud-init v. 20.4.1-0ubuntu1~16.04.1 running 'modules:final' at Fri, 05 Mar 2021 10:14:07 +0000. Up 28.72 seconds.
[   29.011768] cloud-init[1539]: ci-info: no authorized SSH keys fingerprints found for user ubuntu.
[   29.012168] cloud-init[1539]: Cloud-init v. 20.4.1-0ubuntu1~16.04.1 finished at Fri, 05 Mar 2021 10:14:07 +0000. Datasource DataSourceNoCloud [seed=/dev/sdb][dsmode=net].  Up 28.99 seconds
